<?xml version="1.0" encoding="UTF-8"?>
<testsuite name="Playwright_framework_POM"
           tests="1"
           failures="1"
           errors="0"
           skipped="0"
           time="13.096">
    <properties></properties>

            <testcase
                name="mock"
                time="13.096"
                classname="compare.mockApi">

            <failure type="java.lang.ClassCastException" message="class com.microsoft.playwright.impl.BrowserContextImpl cannot be cast to class com.microsoft.playwright.Video (com.microsoft.playwright.impl.BrowserContextImpl and com.microsoft.playwright.Video are in unnamed module of loader &apos;app&apos;)">
                <![CDATA[java.lang.ClassCastException: class com.microsoft.playwright.impl.BrowserContextImpl cannot be cast to class com.microsoft.playwright.Video (com.microsoft.playwright.impl.BrowserContextImpl and com.microsoft.playwright.Video are in unnamed module of loader 'app')
                compare.mockApi.mock(mockApi.java:37)java.base/jdk.internal.reflect.DirectMethodHandleAccessor.invoke(DirectMethodHandleAccessor.java:104)java.base/java.lang.reflect.Method.invoke(Method.java:578)org.testng.internal.invokers.MethodInvocationHelper.invokeMethod(MethodInvocationHelper.java:139)org.testng.internal.invokers.TestInvoker.invokeMethod(TestInvoker.java:664)org.testng.internal.invokers.TestInvoker.invokeTestMethod(TestInvoker.java:227)org.testng.internal.invokers.MethodRunner.runInSequence(MethodRunner.java:50)org.testng.internal.invokers.TestInvoker$MethodInvocationAgent.invoke(TestInvoker.java:957)org.testng.internal.invokers.TestInvoker.invokeTestMethods(TestInvoker.java:200)org.testng.internal.invokers.TestMethodWorker.invokeTestMethods(TestMethodWorker.java:148)org.testng.internal.invokers.TestMethodWorker.run(TestMethodWorker.java:128)java.base/java.util.ArrayList.forEach(ArrayList.java:1511)org.testng.TestRunner.privateRun(TestRunner.java:848)org.testng.TestRunner.run(TestRunner.java:621)org.testng.SuiteRunner.runTest(SuiteRunner.java:443)org.testng.SuiteRunner.runSequentially(SuiteRunner.java:437)org.testng.SuiteRunner.privateRun(SuiteRunner.java:397)org.testng.SuiteRunner.run(SuiteRunner.java:336)org.testng.SuiteRunnerWorker.runSuite(SuiteRunnerWorker.java:52)org.testng.SuiteRunnerWorker.run(SuiteRunnerWorker.java:95)org.testng.TestNG.runSuitesSequentially(TestNG.java:1280)org.testng.TestNG.runSuitesLocally(TestNG.java:1200)org.testng.TestNG.runSuites(TestNG.java:1114)org.testng.TestNG.run(TestNG.java:1082)com.intellij.rt.testng.IDEARemoteTestNG.run(IDEARemoteTestNG.java:66)com.intellij.rt.testng.RemoteTestNGStarter.main(RemoteTestNGStarter.java:109)
]]>
            </failure>
    </testcase>


</testsuite>
